----- testing input/00_1_letter with key keys/01_hexadecimal (1 rounds) -----
----- testing input/00_1_letter with key keys/01_hexadecimal (2 rounds) -----
----- testing input/00_1_letter with key keys/01_hexadecimal (4 rounds) -----
----- testing input/00_1_letter with key keys/01_hexadecimal (8 rounds) -----
----- testing input/00_1_letter with key keys/01_hexadecimal (16 rounds) -----
----- testing input/00_1_letter with key keys/02_16_zeros (1 rounds) -----
----- testing input/00_1_letter with key keys/02_16_zeros (2 rounds) -----
----- testing input/00_1_letter with key keys/02_16_zeros (4 rounds) -----
----- testing input/00_1_letter with key keys/02_16_zeros (8 rounds) -----
----- testing input/00_1_letter with key keys/02_16_zeros (16 rounds) -----
----- testing input/00_1_letter with key keys/03_16_Zs (1 rounds) -----
----- testing input/00_1_letter with key keys/03_16_Zs (2 rounds) -----
----- testing input/00_1_letter with key keys/03_16_Zs (4 rounds) -----
----- testing input/00_1_letter with key keys/03_16_Zs (8 rounds) -----
----- testing input/00_1_letter with key keys/03_16_Zs (16 rounds) -----
----- testing input/00_1_letter with key keys/04_16_random1 (1 rounds) -----
----- testing input/00_1_letter with key keys/04_16_random1 (2 rounds) -----
----- testing input/00_1_letter with key keys/04_16_random1 (4 rounds) -----
----- testing input/00_1_letter with key keys/04_16_random1 (8 rounds) -----
----- testing input/00_1_letter with key keys/04_16_random1 (16 rounds) -----
----- testing input/00_1_letter with key keys/05_16_random2 (1 rounds) -----
----- testing input/00_1_letter with key keys/05_16_random2 (2 rounds) -----
----- testing input/00_1_letter with key keys/05_16_random2 (4 rounds) -----
----- testing input/00_1_letter with key keys/05_16_random2 (8 rounds) -----
----- testing input/00_1_letter with key keys/05_16_random2 (16 rounds) -----
----- testing input/00_1_letter with key keys/06_abcd_repeated_4x (1 rounds) -----
----- testing input/00_1_letter with key keys/06_abcd_repeated_4x (2 rounds) -----
----- testing input/00_1_letter with key keys/06_abcd_repeated_4x (4 rounds) -----
----- testing input/00_1_letter with key keys/06_abcd_repeated_4x (8 rounds) -----
----- testing input/00_1_letter with key keys/06_abcd_repeated_4x (16 rounds) -----
----- testing input/00_1_letter with key keys/08_half_random_half_abcd (1 rounds) -----
----- testing input/00_1_letter with key keys/08_half_random_half_abcd (2 rounds) -----
----- testing input/00_1_letter with key keys/08_half_random_half_abcd (4 rounds) -----
----- testing input/00_1_letter with key keys/08_half_random_half_abcd (8 rounds) -----
----- testing input/00_1_letter with key keys/08_half_random_half_abcd (16 rounds) -----
----- testing input/00_1_letter with key keys/09_half_random_half_zero (1 rounds) -----
----- testing input/00_1_letter with key keys/09_half_random_half_zero (2 rounds) -----
----- testing input/00_1_letter with key keys/09_half_random_half_zero (4 rounds) -----
----- testing input/00_1_letter with key keys/09_half_random_half_zero (8 rounds) -----
----- testing input/00_1_letter with key keys/09_half_random_half_zero (16 rounds) -----
----- testing input/01_4_letters with key keys/01_hexadecimal (1 rounds) -----
----- testing input/01_4_letters with key keys/01_hexadecimal (2 rounds) -----
----- testing input/01_4_letters with key keys/01_hexadecimal (4 rounds) -----
----- testing input/01_4_letters with key keys/01_hexadecimal (8 rounds) -----
----- testing input/01_4_letters with key keys/01_hexadecimal (16 rounds) -----
----- testing input/01_4_letters with key keys/02_16_zeros (1 rounds) -----
----- testing input/01_4_letters with key keys/02_16_zeros (2 rounds) -----
----- testing input/01_4_letters with key keys/02_16_zeros (4 rounds) -----
----- testing input/01_4_letters with key keys/02_16_zeros (8 rounds) -----
----- testing input/01_4_letters with key keys/02_16_zeros (16 rounds) -----
----- testing input/01_4_letters with key keys/03_16_Zs (1 rounds) -----
----- testing input/01_4_letters with key keys/03_16_Zs (2 rounds) -----
----- testing input/01_4_letters with key keys/03_16_Zs (4 rounds) -----
----- testing input/01_4_letters with key keys/03_16_Zs (8 rounds) -----
----- testing input/01_4_letters with key keys/03_16_Zs (16 rounds) -----
----- testing input/01_4_letters with key keys/04_16_random1 (1 rounds) -----
----- testing input/01_4_letters with key keys/04_16_random1 (2 rounds) -----
----- testing input/01_4_letters with key keys/04_16_random1 (4 rounds) -----
----- testing input/01_4_letters with key keys/04_16_random1 (8 rounds) -----
----- testing input/01_4_letters with key keys/04_16_random1 (16 rounds) -----
----- testing input/01_4_letters with key keys/05_16_random2 (1 rounds) -----
----- testing input/01_4_letters with key keys/05_16_random2 (2 rounds) -----
----- testing input/01_4_letters with key keys/05_16_random2 (4 rounds) -----
----- testing input/01_4_letters with key keys/05_16_random2 (8 rounds) -----
----- testing input/01_4_letters with key keys/05_16_random2 (16 rounds) -----
----- testing input/01_4_letters with key keys/06_abcd_repeated_4x (1 rounds) -----
----- testing input/01_4_letters with key keys/06_abcd_repeated_4x (2 rounds) -----
----- testing input/01_4_letters with key keys/06_abcd_repeated_4x (4 rounds) -----
----- testing input/01_4_letters with key keys/06_abcd_repeated_4x (8 rounds) -----
----- testing input/01_4_letters with key keys/06_abcd_repeated_4x (16 rounds) -----
----- testing input/01_4_letters with key keys/08_half_random_half_abcd (1 rounds) -----
----- testing input/01_4_letters with key keys/08_half_random_half_abcd (2 rounds) -----
----- testing input/01_4_letters with key keys/08_half_random_half_abcd (4 rounds) -----
----- testing input/01_4_letters with key keys/08_half_random_half_abcd (8 rounds) -----
----- testing input/01_4_letters with key keys/08_half_random_half_abcd (16 rounds) -----
----- testing input/01_4_letters with key keys/09_half_random_half_zero (1 rounds) -----
----- testing input/01_4_letters with key keys/09_half_random_half_zero (2 rounds) -----
----- testing input/01_4_letters with key keys/09_half_random_half_zero (4 rounds) -----
----- testing input/01_4_letters with key keys/09_half_random_half_zero (8 rounds) -----
----- testing input/01_4_letters with key keys/09_half_random_half_zero (16 rounds) -----
----- testing input/02_9_letters with key keys/01_hexadecimal (1 rounds) -----
----- testing input/02_9_letters with key keys/01_hexadecimal (2 rounds) -----
----- testing input/02_9_letters with key keys/01_hexadecimal (4 rounds) -----
----- testing input/02_9_letters with key keys/01_hexadecimal (8 rounds) -----
----- testing input/02_9_letters with key keys/01_hexadecimal (16 rounds) -----
----- testing input/02_9_letters with key keys/02_16_zeros (1 rounds) -----
----- testing input/02_9_letters with key keys/02_16_zeros (2 rounds) -----
----- testing input/02_9_letters with key keys/02_16_zeros (4 rounds) -----
----- testing input/02_9_letters with key keys/02_16_zeros (8 rounds) -----
----- testing input/02_9_letters with key keys/02_16_zeros (16 rounds) -----
----- testing input/02_9_letters with key keys/03_16_Zs (1 rounds) -----
----- testing input/02_9_letters with key keys/03_16_Zs (2 rounds) -----
----- testing input/02_9_letters with key keys/03_16_Zs (4 rounds) -----
----- testing input/02_9_letters with key keys/03_16_Zs (8 rounds) -----
----- testing input/02_9_letters with key keys/03_16_Zs (16 rounds) -----
----- testing input/02_9_letters with key keys/04_16_random1 (1 rounds) -----
----- testing input/02_9_letters with key keys/04_16_random1 (2 rounds) -----
----- testing input/02_9_letters with key keys/04_16_random1 (4 rounds) -----
----- testing input/02_9_letters with key keys/04_16_random1 (8 rounds) -----
----- testing input/02_9_letters with key keys/04_16_random1 (16 rounds) -----
----- testing input/02_9_letters with key keys/05_16_random2 (1 rounds) -----
----- testing input/02_9_letters with key keys/05_16_random2 (2 rounds) -----
----- testing input/02_9_letters with key keys/05_16_random2 (4 rounds) -----
----- testing input/02_9_letters with key keys/05_16_random2 (8 rounds) -----
----- testing input/02_9_letters with key keys/05_16_random2 (16 rounds) -----
----- testing input/02_9_letters with key keys/06_abcd_repeated_4x (1 rounds) -----
----- testing input/02_9_letters with key keys/06_abcd_repeated_4x (2 rounds) -----
----- testing input/02_9_letters with key keys/06_abcd_repeated_4x (4 rounds) -----
----- testing input/02_9_letters with key keys/06_abcd_repeated_4x (8 rounds) -----
----- testing input/02_9_letters with key keys/06_abcd_repeated_4x (16 rounds) -----
----- testing input/02_9_letters with key keys/08_half_random_half_abcd (1 rounds) -----
----- testing input/02_9_letters with key keys/08_half_random_half_abcd (2 rounds) -----
----- testing input/02_9_letters with key keys/08_half_random_half_abcd (4 rounds) -----
----- testing input/02_9_letters with key keys/08_half_random_half_abcd (8 rounds) -----
----- testing input/02_9_letters with key keys/08_half_random_half_abcd (16 rounds) -----
----- testing input/02_9_letters with key keys/09_half_random_half_zero (1 rounds) -----
----- testing input/02_9_letters with key keys/09_half_random_half_zero (2 rounds) -----
----- testing input/02_9_letters with key keys/09_half_random_half_zero (4 rounds) -----
----- testing input/02_9_letters with key keys/09_half_random_half_zero (8 rounds) -----
----- testing input/02_9_letters with key keys/09_half_random_half_zero (16 rounds) -----
----- testing input/03_16_letters with key keys/01_hexadecimal (1 rounds) -----
----- testing input/03_16_letters with key keys/01_hexadecimal (2 rounds) -----
----- testing input/03_16_letters with key keys/01_hexadecimal (4 rounds) -----
----- testing input/03_16_letters with key keys/01_hexadecimal (8 rounds) -----
----- testing input/03_16_letters with key keys/01_hexadecimal (16 rounds) -----
----- testing input/03_16_letters with key keys/02_16_zeros (1 rounds) -----
----- testing input/03_16_letters with key keys/02_16_zeros (2 rounds) -----
----- testing input/03_16_letters with key keys/02_16_zeros (4 rounds) -----
----- testing input/03_16_letters with key keys/02_16_zeros (8 rounds) -----
----- testing input/03_16_letters with key keys/02_16_zeros (16 rounds) -----
----- testing input/03_16_letters with key keys/03_16_Zs (1 rounds) -----
----- testing input/03_16_letters with key keys/03_16_Zs (2 rounds) -----
----- testing input/03_16_letters with key keys/03_16_Zs (4 rounds) -----
----- testing input/03_16_letters with key keys/03_16_Zs (8 rounds) -----
----- testing input/03_16_letters with key keys/03_16_Zs (16 rounds) -----
----- testing input/03_16_letters with key keys/04_16_random1 (1 rounds) -----
----- testing input/03_16_letters with key keys/04_16_random1 (2 rounds) -----
----- testing input/03_16_letters with key keys/04_16_random1 (4 rounds) -----
----- testing input/03_16_letters with key keys/04_16_random1 (8 rounds) -----
----- testing input/03_16_letters with key keys/04_16_random1 (16 rounds) -----
----- testing input/03_16_letters with key keys/05_16_random2 (1 rounds) -----
----- testing input/03_16_letters with key keys/05_16_random2 (2 rounds) -----
----- testing input/03_16_letters with key keys/05_16_random2 (4 rounds) -----
----- testing input/03_16_letters with key keys/05_16_random2 (8 rounds) -----
----- testing input/03_16_letters with key keys/05_16_random2 (16 rounds) -----
----- testing input/03_16_letters with key keys/06_abcd_repeated_4x (1 rounds) -----
----- testing input/03_16_letters with key keys/06_abcd_repeated_4x (2 rounds) -----
----- testing input/03_16_letters with key keys/06_abcd_repeated_4x (4 rounds) -----
----- testing input/03_16_letters with key keys/06_abcd_repeated_4x (8 rounds) -----
----- testing input/03_16_letters with key keys/06_abcd_repeated_4x (16 rounds) -----
----- testing input/03_16_letters with key keys/08_half_random_half_abcd (1 rounds) -----
----- testing input/03_16_letters with key keys/08_half_random_half_abcd (2 rounds) -----
----- testing input/03_16_letters with key keys/08_half_random_half_abcd (4 rounds) -----
----- testing input/03_16_letters with key keys/08_half_random_half_abcd (8 rounds) -----
----- testing input/03_16_letters with key keys/08_half_random_half_abcd (16 rounds) -----
----- testing input/03_16_letters with key keys/09_half_random_half_zero (1 rounds) -----
----- testing input/03_16_letters with key keys/09_half_random_half_zero (2 rounds) -----
----- testing input/03_16_letters with key keys/09_half_random_half_zero (4 rounds) -----
----- testing input/03_16_letters with key keys/09_half_random_half_zero (8 rounds) -----
----- testing input/03_16_letters with key keys/09_half_random_half_zero (16 rounds) -----
----- testing input/04_zero_length with key keys/01_hexadecimal (1 rounds) -----
----- testing input/04_zero_length with key keys/01_hexadecimal (2 rounds) -----
----- testing input/04_zero_length with key keys/01_hexadecimal (4 rounds) -----
----- testing input/04_zero_length with key keys/01_hexadecimal (8 rounds) -----
----- testing input/04_zero_length with key keys/01_hexadecimal (16 rounds) -----
----- testing input/04_zero_length with key keys/02_16_zeros (1 rounds) -----
----- testing input/04_zero_length with key keys/02_16_zeros (2 rounds) -----
----- testing input/04_zero_length with key keys/02_16_zeros (4 rounds) -----
----- testing input/04_zero_length with key keys/02_16_zeros (8 rounds) -----
----- testing input/04_zero_length with key keys/02_16_zeros (16 rounds) -----
----- testing input/04_zero_length with key keys/03_16_Zs (1 rounds) -----
----- testing input/04_zero_length with key keys/03_16_Zs (2 rounds) -----
----- testing input/04_zero_length with key keys/03_16_Zs (4 rounds) -----
----- testing input/04_zero_length with key keys/03_16_Zs (8 rounds) -----
----- testing input/04_zero_length with key keys/03_16_Zs (16 rounds) -----
----- testing input/04_zero_length with key keys/04_16_random1 (1 rounds) -----
----- testing input/04_zero_length with key keys/04_16_random1 (2 rounds) -----
----- testing input/04_zero_length with key keys/04_16_random1 (4 rounds) -----
----- testing input/04_zero_length with key keys/04_16_random1 (8 rounds) -----
----- testing input/04_zero_length with key keys/04_16_random1 (16 rounds) -----
----- testing input/04_zero_length with key keys/05_16_random2 (1 rounds) -----
----- testing input/04_zero_length with key keys/05_16_random2 (2 rounds) -----
----- testing input/04_zero_length with key keys/05_16_random2 (4 rounds) -----
----- testing input/04_zero_length with key keys/05_16_random2 (8 rounds) -----
----- testing input/04_zero_length with key keys/05_16_random2 (16 rounds) -----
----- testing input/04_zero_length with key keys/06_abcd_repeated_4x (1 rounds) -----
----- testing input/04_zero_length with key keys/06_abcd_repeated_4x (2 rounds) -----
----- testing input/04_zero_length with key keys/06_abcd_repeated_4x (4 rounds) -----
----- testing input/04_zero_length with key keys/06_abcd_repeated_4x (8 rounds) -----
----- testing input/04_zero_length with key keys/06_abcd_repeated_4x (16 rounds) -----
----- testing input/04_zero_length with key keys/08_half_random_half_abcd (1 rounds) -----
----- testing input/04_zero_length with key keys/08_half_random_half_abcd (2 rounds) -----
----- testing input/04_zero_length with key keys/08_half_random_half_abcd (4 rounds) -----
----- testing input/04_zero_length with key keys/08_half_random_half_abcd (8 rounds) -----
----- testing input/04_zero_length with key keys/08_half_random_half_abcd (16 rounds) -----
----- testing input/04_zero_length with key keys/09_half_random_half_zero (1 rounds) -----
----- testing input/04_zero_length with key keys/09_half_random_half_zero (2 rounds) -----
----- testing input/04_zero_length with key keys/09_half_random_half_zero (4 rounds) -----
----- testing input/04_zero_length with key keys/09_half_random_half_zero (8 rounds) -----
----- testing input/04_zero_length with key keys/09_half_random_half_zero (16 rounds) -----
----- testing input/05_XYXY with key keys/01_hexadecimal (1 rounds) -----
----- testing input/05_XYXY with key keys/01_hexadecimal (2 rounds) -----
----- testing input/05_XYXY with key keys/01_hexadecimal (4 rounds) -----
----- testing input/05_XYXY with key keys/01_hexadecimal (8 rounds) -----
----- testing input/05_XYXY with key keys/01_hexadecimal (16 rounds) -----
----- testing input/05_XYXY with key keys/02_16_zeros (1 rounds) -----
----- testing input/05_XYXY with key keys/02_16_zeros (2 rounds) -----
----- testing input/05_XYXY with key keys/02_16_zeros (4 rounds) -----
----- testing input/05_XYXY with key keys/02_16_zeros (8 rounds) -----
----- testing input/05_XYXY with key keys/02_16_zeros (16 rounds) -----
----- testing input/05_XYXY with key keys/03_16_Zs (1 rounds) -----
----- testing input/05_XYXY with key keys/03_16_Zs (2 rounds) -----
----- testing input/05_XYXY with key keys/03_16_Zs (4 rounds) -----
----- testing input/05_XYXY with key keys/03_16_Zs (8 rounds) -----
----- testing input/05_XYXY with key keys/03_16_Zs (16 rounds) -----
----- testing input/05_XYXY with key keys/04_16_random1 (1 rounds) -----
----- testing input/05_XYXY with key keys/04_16_random1 (2 rounds) -----
----- testing input/05_XYXY with key keys/04_16_random1 (4 rounds) -----
----- testing input/05_XYXY with key keys/04_16_random1 (8 rounds) -----
----- testing input/05_XYXY with key keys/04_16_random1 (16 rounds) -----
----- testing input/05_XYXY with key keys/05_16_random2 (1 rounds) -----
----- testing input/05_XYXY with key keys/05_16_random2 (2 rounds) -----
----- testing input/05_XYXY with key keys/05_16_random2 (4 rounds) -----
----- testing input/05_XYXY with key keys/05_16_random2 (8 rounds) -----
----- testing input/05_XYXY with key keys/05_16_random2 (16 rounds) -----
----- testing input/05_XYXY with key keys/06_abcd_repeated_4x (1 rounds) -----
----- testing input/05_XYXY with key keys/06_abcd_repeated_4x (2 rounds) -----
----- testing input/05_XYXY with key keys/06_abcd_repeated_4x (4 rounds) -----
----- testing input/05_XYXY with key keys/06_abcd_repeated_4x (8 rounds) -----
----- testing input/05_XYXY with key keys/06_abcd_repeated_4x (16 rounds) -----
----- testing input/05_XYXY with key keys/08_half_random_half_abcd (1 rounds) -----
----- testing input/05_XYXY with key keys/08_half_random_half_abcd (2 rounds) -----
----- testing input/05_XYXY with key keys/08_half_random_half_abcd (4 rounds) -----
----- testing input/05_XYXY with key keys/08_half_random_half_abcd (8 rounds) -----
----- testing input/05_XYXY with key keys/08_half_random_half_abcd (16 rounds) -----
----- testing input/05_XYXY with key keys/09_half_random_half_zero (1 rounds) -----
----- testing input/05_XYXY with key keys/09_half_random_half_zero (2 rounds) -----
----- testing input/05_XYXY with key keys/09_half_random_half_zero (4 rounds) -----
----- testing input/05_XYXY with key keys/09_half_random_half_zero (8 rounds) -----
----- testing input/05_XYXY with key keys/09_half_random_half_zero (16 rounds) -----
----- testing input/06_9-zeroes with key keys/01_hexadecimal (1 rounds) -----
----- testing input/06_9-zeroes with key keys/01_hexadecimal (2 rounds) -----
----- testing input/06_9-zeroes with key keys/01_hexadecimal (4 rounds) -----
----- testing input/06_9-zeroes with key keys/01_hexadecimal (8 rounds) -----
----- testing input/06_9-zeroes with key keys/01_hexadecimal (16 rounds) -----
----- testing input/06_9-zeroes with key keys/02_16_zeros (1 rounds) -----
----- testing input/06_9-zeroes with key keys/02_16_zeros (2 rounds) -----
----- testing input/06_9-zeroes with key keys/02_16_zeros (4 rounds) -----
----- testing input/06_9-zeroes with key keys/02_16_zeros (8 rounds) -----
----- testing input/06_9-zeroes with key keys/02_16_zeros (16 rounds) -----
----- testing input/06_9-zeroes with key keys/03_16_Zs (1 rounds) -----
----- testing input/06_9-zeroes with key keys/03_16_Zs (2 rounds) -----
----- testing input/06_9-zeroes with key keys/03_16_Zs (4 rounds) -----
----- testing input/06_9-zeroes with key keys/03_16_Zs (8 rounds) -----
----- testing input/06_9-zeroes with key keys/03_16_Zs (16 rounds) -----
----- testing input/06_9-zeroes with key keys/04_16_random1 (1 rounds) -----
----- testing input/06_9-zeroes with key keys/04_16_random1 (2 rounds) -----
----- testing input/06_9-zeroes with key keys/04_16_random1 (4 rounds) -----
----- testing input/06_9-zeroes with key keys/04_16_random1 (8 rounds) -----
----- testing input/06_9-zeroes with key keys/04_16_random1 (16 rounds) -----
----- testing input/06_9-zeroes with key keys/05_16_random2 (1 rounds) -----
----- testing input/06_9-zeroes with key keys/05_16_random2 (2 rounds) -----
----- testing input/06_9-zeroes with key keys/05_16_random2 (4 rounds) -----
----- testing input/06_9-zeroes with key keys/05_16_random2 (8 rounds) -----
----- testing input/06_9-zeroes with key keys/05_16_random2 (16 rounds) -----
----- testing input/06_9-zeroes with key keys/06_abcd_repeated_4x (1 rounds) -----
----- testing input/06_9-zeroes with key keys/06_abcd_repeated_4x (2 rounds) -----
----- testing input/06_9-zeroes with key keys/06_abcd_repeated_4x (4 rounds) -----
----- testing input/06_9-zeroes with key keys/06_abcd_repeated_4x (8 rounds) -----
----- testing input/06_9-zeroes with key keys/06_abcd_repeated_4x (16 rounds) -----
----- testing input/06_9-zeroes with key keys/08_half_random_half_abcd (1 rounds) -----
----- testing input/06_9-zeroes with key keys/08_half_random_half_abcd (2 rounds) -----
----- testing input/06_9-zeroes with key keys/08_half_random_half_abcd (4 rounds) -----
----- testing input/06_9-zeroes with key keys/08_half_random_half_abcd (8 rounds) -----
----- testing input/06_9-zeroes with key keys/08_half_random_half_abcd (16 rounds) -----
----- testing input/06_9-zeroes with key keys/09_half_random_half_zero (1 rounds) -----
----- testing input/06_9-zeroes with key keys/09_half_random_half_zero (2 rounds) -----
----- testing input/06_9-zeroes with key keys/09_half_random_half_zero (4 rounds) -----
----- testing input/06_9-zeroes with key keys/09_half_random_half_zero (8 rounds) -----
----- testing input/06_9-zeroes with key keys/09_half_random_half_zero (16 rounds) -----
----- testing input/07_9-Xs with key keys/01_hexadecimal (1 rounds) -----
----- testing input/07_9-Xs with key keys/01_hexadecimal (2 rounds) -----
----- testing input/07_9-Xs with key keys/01_hexadecimal (4 rounds) -----
----- testing input/07_9-Xs with key keys/01_hexadecimal (8 rounds) -----
----- testing input/07_9-Xs with key keys/01_hexadecimal (16 rounds) -----
----- testing input/07_9-Xs with key keys/02_16_zeros (1 rounds) -----
----- testing input/07_9-Xs with key keys/02_16_zeros (2 rounds) -----
----- testing input/07_9-Xs with key keys/02_16_zeros (4 rounds) -----
----- testing input/07_9-Xs with key keys/02_16_zeros (8 rounds) -----
----- testing input/07_9-Xs with key keys/02_16_zeros (16 rounds) -----
----- testing input/07_9-Xs with key keys/03_16_Zs (1 rounds) -----
----- testing input/07_9-Xs with key keys/03_16_Zs (2 rounds) -----
----- testing input/07_9-Xs with key keys/03_16_Zs (4 rounds) -----
----- testing input/07_9-Xs with key keys/03_16_Zs (8 rounds) -----
----- testing input/07_9-Xs with key keys/03_16_Zs (16 rounds) -----
----- testing input/07_9-Xs with key keys/04_16_random1 (1 rounds) -----
----- testing input/07_9-Xs with key keys/04_16_random1 (2 rounds) -----
----- testing input/07_9-Xs with key keys/04_16_random1 (4 rounds) -----
----- testing input/07_9-Xs with key keys/04_16_random1 (8 rounds) -----
----- testing input/07_9-Xs with key keys/04_16_random1 (16 rounds) -----
----- testing input/07_9-Xs with key keys/05_16_random2 (1 rounds) -----
----- testing input/07_9-Xs with key keys/05_16_random2 (2 rounds) -----
----- testing input/07_9-Xs with key keys/05_16_random2 (4 rounds) -----
----- testing input/07_9-Xs with key keys/05_16_random2 (8 rounds) -----
----- testing input/07_9-Xs with key keys/05_16_random2 (16 rounds) -----
----- testing input/07_9-Xs with key keys/06_abcd_repeated_4x (1 rounds) -----
----- testing input/07_9-Xs with key keys/06_abcd_repeated_4x (2 rounds) -----
----- testing input/07_9-Xs with key keys/06_abcd_repeated_4x (4 rounds) -----
----- testing input/07_9-Xs with key keys/06_abcd_repeated_4x (8 rounds) -----
----- testing input/07_9-Xs with key keys/06_abcd_repeated_4x (16 rounds) -----
----- testing input/07_9-Xs with key keys/08_half_random_half_abcd (1 rounds) -----
----- testing input/07_9-Xs with key keys/08_half_random_half_abcd (2 rounds) -----
----- testing input/07_9-Xs with key keys/08_half_random_half_abcd (4 rounds) -----
----- testing input/07_9-Xs with key keys/08_half_random_half_abcd (8 rounds) -----
----- testing input/07_9-Xs with key keys/08_half_random_half_abcd (16 rounds) -----
----- testing input/07_9-Xs with key keys/09_half_random_half_zero (1 rounds) -----
----- testing input/07_9-Xs with key keys/09_half_random_half_zero (2 rounds) -----
----- testing input/07_9-Xs with key keys/09_half_random_half_zero (4 rounds) -----
----- testing input/07_9-Xs with key keys/09_half_random_half_zero (8 rounds) -----
----- testing input/07_9-Xs with key keys/09_half_random_half_zero (16 rounds) -----
----- testing input/08_backwards_padding with key keys/01_hexadecimal (1 rounds) -----
----- testing input/08_backwards_padding with key keys/01_hexadecimal (2 rounds) -----
----- testing input/08_backwards_padding with key keys/01_hexadecimal (4 rounds) -----
----- testing input/08_backwards_padding with key keys/01_hexadecimal (8 rounds) -----
----- testing input/08_backwards_padding with key keys/01_hexadecimal (16 rounds) -----
----- testing input/08_backwards_padding with key keys/02_16_zeros (1 rounds) -----
----- testing input/08_backwards_padding with key keys/02_16_zeros (2 rounds) -----
----- testing input/08_backwards_padding with key keys/02_16_zeros (4 rounds) -----
----- testing input/08_backwards_padding with key keys/02_16_zeros (8 rounds) -----
----- testing input/08_backwards_padding with key keys/02_16_zeros (16 rounds) -----
----- testing input/08_backwards_padding with key keys/03_16_Zs (1 rounds) -----
----- testing input/08_backwards_padding with key keys/03_16_Zs (2 rounds) -----
----- testing input/08_backwards_padding with key keys/03_16_Zs (4 rounds) -----
----- testing input/08_backwards_padding with key keys/03_16_Zs (8 rounds) -----
----- testing input/08_backwards_padding with key keys/03_16_Zs (16 rounds) -----
----- testing input/08_backwards_padding with key keys/04_16_random1 (1 rounds) -----
----- testing input/08_backwards_padding with key keys/04_16_random1 (2 rounds) -----
----- testing input/08_backwards_padding with key keys/04_16_random1 (4 rounds) -----
----- testing input/08_backwards_padding with key keys/04_16_random1 (8 rounds) -----
----- testing input/08_backwards_padding with key keys/04_16_random1 (16 rounds) -----
----- testing input/08_backwards_padding with key keys/05_16_random2 (1 rounds) -----
----- testing input/08_backwards_padding with key keys/05_16_random2 (2 rounds) -----
----- testing input/08_backwards_padding with key keys/05_16_random2 (4 rounds) -----
----- testing input/08_backwards_padding with key keys/05_16_random2 (8 rounds) -----
----- testing input/08_backwards_padding with key keys/05_16_random2 (16 rounds) -----
----- testing input/08_backwards_padding with key keys/06_abcd_repeated_4x (1 rounds) -----
----- testing input/08_backwards_padding with key keys/06_abcd_repeated_4x (2 rounds) -----
----- testing input/08_backwards_padding with key keys/06_abcd_repeated_4x (4 rounds) -----
----- testing input/08_backwards_padding with key keys/06_abcd_repeated_4x (8 rounds) -----
----- testing input/08_backwards_padding with key keys/06_abcd_repeated_4x (16 rounds) -----
----- testing input/08_backwards_padding with key keys/08_half_random_half_abcd (1 rounds) -----
----- testing input/08_backwards_padding with key keys/08_half_random_half_abcd (2 rounds) -----
----- testing input/08_backwards_padding with key keys/08_half_random_half_abcd (4 rounds) -----
----- testing input/08_backwards_padding with key keys/08_half_random_half_abcd (8 rounds) -----
----- testing input/08_backwards_padding with key keys/08_half_random_half_abcd (16 rounds) -----
----- testing input/08_backwards_padding with key keys/09_half_random_half_zero (1 rounds) -----
----- testing input/08_backwards_padding with key keys/09_half_random_half_zero (2 rounds) -----
----- testing input/08_backwards_padding with key keys/09_half_random_half_zero (4 rounds) -----
----- testing input/08_backwards_padding with key keys/09_half_random_half_zero (8 rounds) -----
----- testing input/08_backwards_padding with key keys/09_half_random_half_zero (16 rounds) -----
----- testing input/09_hello.txt with key keys/01_hexadecimal (1 rounds) -----
----- testing input/09_hello.txt with key keys/01_hexadecimal (2 rounds) -----
----- testing input/09_hello.txt with key keys/01_hexadecimal (4 rounds) -----
----- testing input/09_hello.txt with key keys/01_hexadecimal (8 rounds) -----
----- testing input/09_hello.txt with key keys/01_hexadecimal (16 rounds) -----
----- testing input/09_hello.txt with key keys/02_16_zeros (1 rounds) -----
----- testing input/09_hello.txt with key keys/02_16_zeros (2 rounds) -----
----- testing input/09_hello.txt with key keys/02_16_zeros (4 rounds) -----
----- testing input/09_hello.txt with key keys/02_16_zeros (8 rounds) -----
----- testing input/09_hello.txt with key keys/02_16_zeros (16 rounds) -----
----- testing input/09_hello.txt with key keys/03_16_Zs (1 rounds) -----
----- testing input/09_hello.txt with key keys/03_16_Zs (2 rounds) -----
----- testing input/09_hello.txt with key keys/03_16_Zs (4 rounds) -----
----- testing input/09_hello.txt with key keys/03_16_Zs (8 rounds) -----
----- testing input/09_hello.txt with key keys/03_16_Zs (16 rounds) -----
----- testing input/09_hello.txt with key keys/04_16_random1 (1 rounds) -----
----- testing input/09_hello.txt with key keys/04_16_random1 (2 rounds) -----
----- testing input/09_hello.txt with key keys/04_16_random1 (4 rounds) -----
----- testing input/09_hello.txt with key keys/04_16_random1 (8 rounds) -----
----- testing input/09_hello.txt with key keys/04_16_random1 (16 rounds) -----
----- testing input/09_hello.txt with key keys/05_16_random2 (1 rounds) -----
----- testing input/09_hello.txt with key keys/05_16_random2 (2 rounds) -----
----- testing input/09_hello.txt with key keys/05_16_random2 (4 rounds) -----
----- testing input/09_hello.txt with key keys/05_16_random2 (8 rounds) -----
----- testing input/09_hello.txt with key keys/05_16_random2 (16 rounds) -----
----- testing input/09_hello.txt with key keys/06_abcd_repeated_4x (1 rounds) -----
----- testing input/09_hello.txt with key keys/06_abcd_repeated_4x (2 rounds) -----
----- testing input/09_hello.txt with key keys/06_abcd_repeated_4x (4 rounds) -----
----- testing input/09_hello.txt with key keys/06_abcd_repeated_4x (8 rounds) -----
----- testing input/09_hello.txt with key keys/06_abcd_repeated_4x (16 rounds) -----
----- testing input/09_hello.txt with key keys/08_half_random_half_abcd (1 rounds) -----
----- testing input/09_hello.txt with key keys/08_half_random_half_abcd (2 rounds) -----
----- testing input/09_hello.txt with key keys/08_half_random_half_abcd (4 rounds) -----
----- testing input/09_hello.txt with key keys/08_half_random_half_abcd (8 rounds) -----
----- testing input/09_hello.txt with key keys/08_half_random_half_abcd (16 rounds) -----
----- testing input/09_hello.txt with key keys/09_half_random_half_zero (1 rounds) -----
----- testing input/09_hello.txt with key keys/09_half_random_half_zero (2 rounds) -----
----- testing input/09_hello.txt with key keys/09_half_random_half_zero (4 rounds) -----
----- testing input/09_hello.txt with key keys/09_half_random_half_zero (8 rounds) -----
----- testing input/09_hello.txt with key keys/09_half_random_half_zero (16 rounds) -----
----- testing input/10_gettysburg.txt with key keys/01_hexadecimal (1 rounds) -----
----- testing input/10_gettysburg.txt with key keys/01_hexadecimal (2 rounds) -----
----- testing input/10_gettysburg.txt with key keys/01_hexadecimal (4 rounds) -----
----- testing input/10_gettysburg.txt with key keys/01_hexadecimal (8 rounds) -----
----- testing input/10_gettysburg.txt with key keys/01_hexadecimal (16 rounds) -----
----- testing input/10_gettysburg.txt with key keys/02_16_zeros (1 rounds) -----
----- testing input/10_gettysburg.txt with key keys/02_16_zeros (2 rounds) -----
----- testing input/10_gettysburg.txt with key keys/02_16_zeros (4 rounds) -----
----- testing input/10_gettysburg.txt with key keys/02_16_zeros (8 rounds) -----
----- testing input/10_gettysburg.txt with key keys/02_16_zeros (16 rounds) -----
----- testing input/10_gettysburg.txt with key keys/03_16_Zs (1 rounds) -----
----- testing input/10_gettysburg.txt with key keys/03_16_Zs (2 rounds) -----
----- testing input/10_gettysburg.txt with key keys/03_16_Zs (4 rounds) -----
----- testing input/10_gettysburg.txt with key keys/03_16_Zs (8 rounds) -----
----- testing input/10_gettysburg.txt with key keys/03_16_Zs (16 rounds) -----
----- testing input/10_gettysburg.txt with key keys/04_16_random1 (1 rounds) -----
----- testing input/10_gettysburg.txt with key keys/04_16_random1 (2 rounds) -----
----- testing input/10_gettysburg.txt with key keys/04_16_random1 (4 rounds) -----
----- testing input/10_gettysburg.txt with key keys/04_16_random1 (8 rounds) -----
----- testing input/10_gettysburg.txt with key keys/04_16_random1 (16 rounds) -----
----- testing input/10_gettysburg.txt with key keys/05_16_random2 (1 rounds) -----
----- testing input/10_gettysburg.txt with key keys/05_16_random2 (2 rounds) -----
----- testing input/10_gettysburg.txt with key keys/05_16_random2 (4 rounds) -----
----- testing input/10_gettysburg.txt with key keys/05_16_random2 (8 rounds) -----
----- testing input/10_gettysburg.txt with key keys/05_16_random2 (16 rounds) -----
----- testing input/10_gettysburg.txt with key keys/06_abcd_repeated_4x (1 rounds) -----
----- testing input/10_gettysburg.txt with key keys/06_abcd_repeated_4x (2 rounds) -----
----- testing input/10_gettysburg.txt with key keys/06_abcd_repeated_4x (4 rounds) -----
----- testing input/10_gettysburg.txt with key keys/06_abcd_repeated_4x (8 rounds) -----
----- testing input/10_gettysburg.txt with key keys/06_abcd_repeated_4x (16 rounds) -----
----- testing input/10_gettysburg.txt with key keys/08_half_random_half_abcd (1 rounds) -----
----- testing input/10_gettysburg.txt with key keys/08_half_random_half_abcd (2 rounds) -----
----- testing input/10_gettysburg.txt with key keys/08_half_random_half_abcd (4 rounds) -----
----- testing input/10_gettysburg.txt with key keys/08_half_random_half_abcd (8 rounds) -----
----- testing input/10_gettysburg.txt with key keys/08_half_random_half_abcd (16 rounds) -----
----- testing input/10_gettysburg.txt with key keys/09_half_random_half_zero (1 rounds) -----
----- testing input/10_gettysburg.txt with key keys/09_half_random_half_zero (2 rounds) -----
----- testing input/10_gettysburg.txt with key keys/09_half_random_half_zero (4 rounds) -----
----- testing input/10_gettysburg.txt with key keys/09_half_random_half_zero (8 rounds) -----
----- testing input/10_gettysburg.txt with key keys/09_half_random_half_zero (16 rounds) -----
----- testing input/11_moby_dick.txt with key keys/01_hexadecimal (1 rounds) -----
----- testing input/11_moby_dick.txt with key keys/01_hexadecimal (2 rounds) -----
----- testing input/11_moby_dick.txt with key keys/01_hexadecimal (4 rounds) -----
----- testing input/11_moby_dick.txt with key keys/01_hexadecimal (8 rounds) -----
----- testing input/11_moby_dick.txt with key keys/01_hexadecimal (16 rounds) -----
----- testing input/11_moby_dick.txt with key keys/02_16_zeros (1 rounds) -----
----- testing input/11_moby_dick.txt with key keys/02_16_zeros (2 rounds) -----
----- testing input/11_moby_dick.txt with key keys/02_16_zeros (4 rounds) -----
----- testing input/11_moby_dick.txt with key keys/02_16_zeros (8 rounds) -----
----- testing input/11_moby_dick.txt with key keys/02_16_zeros (16 rounds) -----
----- testing input/11_moby_dick.txt with key keys/03_16_Zs (1 rounds) -----
----- testing input/11_moby_dick.txt with key keys/03_16_Zs (2 rounds) -----
----- testing input/11_moby_dick.txt with key keys/03_16_Zs (4 rounds) -----
----- testing input/11_moby_dick.txt with key keys/03_16_Zs (8 rounds) -----
----- testing input/11_moby_dick.txt with key keys/03_16_Zs (16 rounds) -----
----- testing input/11_moby_dick.txt with key keys/04_16_random1 (1 rounds) -----
----- testing input/11_moby_dick.txt with key keys/04_16_random1 (2 rounds) -----
----- testing input/11_moby_dick.txt with key keys/04_16_random1 (4 rounds) -----
----- testing input/11_moby_dick.txt with key keys/04_16_random1 (8 rounds) -----
----- testing input/11_moby_dick.txt with key keys/04_16_random1 (16 rounds) -----
----- testing input/11_moby_dick.txt with key keys/05_16_random2 (1 rounds) -----
----- testing input/11_moby_dick.txt with key keys/05_16_random2 (2 rounds) -----
----- testing input/11_moby_dick.txt with key keys/05_16_random2 (4 rounds) -----
----- testing input/11_moby_dick.txt with key keys/05_16_random2 (8 rounds) -----
----- testing input/11_moby_dick.txt with key keys/05_16_random2 (16 rounds) -----
----- testing input/11_moby_dick.txt with key keys/06_abcd_repeated_4x (1 rounds) -----
----- testing input/11_moby_dick.txt with key keys/06_abcd_repeated_4x (2 rounds) -----
----- testing input/11_moby_dick.txt with key keys/06_abcd_repeated_4x (4 rounds) -----
----- testing input/11_moby_dick.txt with key keys/06_abcd_repeated_4x (8 rounds) -----
----- testing input/11_moby_dick.txt with key keys/06_abcd_repeated_4x (16 rounds) -----
----- testing input/11_moby_dick.txt with key keys/08_half_random_half_abcd (1 rounds) -----
----- testing input/11_moby_dick.txt with key keys/08_half_random_half_abcd (2 rounds) -----
----- testing input/11_moby_dick.txt with key keys/08_half_random_half_abcd (4 rounds) -----
----- testing input/11_moby_dick.txt with key keys/08_half_random_half_abcd (8 rounds) -----
----- testing input/11_moby_dick.txt with key keys/08_half_random_half_abcd (16 rounds) -----
----- testing input/11_moby_dick.txt with key keys/09_half_random_half_zero (1 rounds) -----
----- testing input/11_moby_dick.txt with key keys/09_half_random_half_zero (2 rounds) -----
----- testing input/11_moby_dick.txt with key keys/09_half_random_half_zero (4 rounds) -----
----- testing input/11_moby_dick.txt with key keys/09_half_random_half_zero (8 rounds) -----
----- testing input/11_moby_dick.txt with key keys/09_half_random_half_zero (16 rounds) -----
----- testing input/12_abe.jpg with key keys/01_hexadecimal (1 rounds) -----
----- testing input/12_abe.jpg with key keys/01_hexadecimal (2 rounds) -----
----- testing input/12_abe.jpg with key keys/01_hexadecimal (4 rounds) -----
----- testing input/12_abe.jpg with key keys/01_hexadecimal (8 rounds) -----
----- testing input/12_abe.jpg with key keys/01_hexadecimal (16 rounds) -----
----- testing input/12_abe.jpg with key keys/02_16_zeros (1 rounds) -----
----- testing input/12_abe.jpg with key keys/02_16_zeros (2 rounds) -----
----- testing input/12_abe.jpg with key keys/02_16_zeros (4 rounds) -----
----- testing input/12_abe.jpg with key keys/02_16_zeros (8 rounds) -----
----- testing input/12_abe.jpg with key keys/02_16_zeros (16 rounds) -----
----- testing input/12_abe.jpg with key keys/03_16_Zs (1 rounds) -----
----- testing input/12_abe.jpg with key keys/03_16_Zs (2 rounds) -----
----- testing input/12_abe.jpg with key keys/03_16_Zs (4 rounds) -----
----- testing input/12_abe.jpg with key keys/03_16_Zs (8 rounds) -----
----- testing input/12_abe.jpg with key keys/03_16_Zs (16 rounds) -----
----- testing input/12_abe.jpg with key keys/04_16_random1 (1 rounds) -----
----- testing input/12_abe.jpg with key keys/04_16_random1 (2 rounds) -----
----- testing input/12_abe.jpg with key keys/04_16_random1 (4 rounds) -----
----- testing input/12_abe.jpg with key keys/04_16_random1 (8 rounds) -----
----- testing input/12_abe.jpg with key keys/04_16_random1 (16 rounds) -----
----- testing input/12_abe.jpg with key keys/05_16_random2 (1 rounds) -----
----- testing input/12_abe.jpg with key keys/05_16_random2 (2 rounds) -----
----- testing input/12_abe.jpg with key keys/05_16_random2 (4 rounds) -----
----- testing input/12_abe.jpg with key keys/05_16_random2 (8 rounds) -----
----- testing input/12_abe.jpg with key keys/05_16_random2 (16 rounds) -----
----- testing input/12_abe.jpg with key keys/06_abcd_repeated_4x (1 rounds) -----
----- testing input/12_abe.jpg with key keys/06_abcd_repeated_4x (2 rounds) -----
----- testing input/12_abe.jpg with key keys/06_abcd_repeated_4x (4 rounds) -----
----- testing input/12_abe.jpg with key keys/06_abcd_repeated_4x (8 rounds) -----
----- testing input/12_abe.jpg with key keys/06_abcd_repeated_4x (16 rounds) -----
----- testing input/12_abe.jpg with key keys/08_half_random_half_abcd (1 rounds) -----
----- testing input/12_abe.jpg with key keys/08_half_random_half_abcd (2 rounds) -----
----- testing input/12_abe.jpg with key keys/08_half_random_half_abcd (4 rounds) -----
----- testing input/12_abe.jpg with key keys/08_half_random_half_abcd (8 rounds) -----
----- testing input/12_abe.jpg with key keys/08_half_random_half_abcd (16 rounds) -----
----- testing input/12_abe.jpg with key keys/09_half_random_half_zero (1 rounds) -----
----- testing input/12_abe.jpg with key keys/09_half_random_half_zero (2 rounds) -----
----- testing input/12_abe.jpg with key keys/09_half_random_half_zero (4 rounds) -----
----- testing input/12_abe.jpg with key keys/09_half_random_half_zero (8 rounds) -----
----- testing input/12_abe.jpg with key keys/09_half_random_half_zero (16 rounds) -----
----- testing input/13_32_chars with key keys/01_hexadecimal (1 rounds) -----
----- testing input/13_32_chars with key keys/01_hexadecimal (2 rounds) -----
----- testing input/13_32_chars with key keys/01_hexadecimal (4 rounds) -----
----- testing input/13_32_chars with key keys/01_hexadecimal (8 rounds) -----
----- testing input/13_32_chars with key keys/01_hexadecimal (16 rounds) -----
----- testing input/13_32_chars with key keys/02_16_zeros (1 rounds) -----
----- testing input/13_32_chars with key keys/02_16_zeros (2 rounds) -----
----- testing input/13_32_chars with key keys/02_16_zeros (4 rounds) -----
----- testing input/13_32_chars with key keys/02_16_zeros (8 rounds) -----
----- testing input/13_32_chars with key keys/02_16_zeros (16 rounds) -----
----- testing input/13_32_chars with key keys/03_16_Zs (1 rounds) -----
----- testing input/13_32_chars with key keys/03_16_Zs (2 rounds) -----
----- testing input/13_32_chars with key keys/03_16_Zs (4 rounds) -----
----- testing input/13_32_chars with key keys/03_16_Zs (8 rounds) -----
----- testing input/13_32_chars with key keys/03_16_Zs (16 rounds) -----
----- testing input/13_32_chars with key keys/04_16_random1 (1 rounds) -----
----- testing input/13_32_chars with key keys/04_16_random1 (2 rounds) -----
----- testing input/13_32_chars with key keys/04_16_random1 (4 rounds) -----
----- testing input/13_32_chars with key keys/04_16_random1 (8 rounds) -----
----- testing input/13_32_chars with key keys/04_16_random1 (16 rounds) -----
----- testing input/13_32_chars with key keys/05_16_random2 (1 rounds) -----
----- testing input/13_32_chars with key keys/05_16_random2 (2 rounds) -----
----- testing input/13_32_chars with key keys/05_16_random2 (4 rounds) -----
----- testing input/13_32_chars with key keys/05_16_random2 (8 rounds) -----
----- testing input/13_32_chars with key keys/05_16_random2 (16 rounds) -----
----- testing input/13_32_chars with key keys/06_abcd_repeated_4x (1 rounds) -----
----- testing input/13_32_chars with key keys/06_abcd_repeated_4x (2 rounds) -----
----- testing input/13_32_chars with key keys/06_abcd_repeated_4x (4 rounds) -----
----- testing input/13_32_chars with key keys/06_abcd_repeated_4x (8 rounds) -----
----- testing input/13_32_chars with key keys/06_abcd_repeated_4x (16 rounds) -----
----- testing input/13_32_chars with key keys/08_half_random_half_abcd (1 rounds) -----
----- testing input/13_32_chars with key keys/08_half_random_half_abcd (2 rounds) -----
----- testing input/13_32_chars with key keys/08_half_random_half_abcd (4 rounds) -----
----- testing input/13_32_chars with key keys/08_half_random_half_abcd (8 rounds) -----
----- testing input/13_32_chars with key keys/08_half_random_half_abcd (16 rounds) -----
----- testing input/13_32_chars with key keys/09_half_random_half_zero (1 rounds) -----
----- testing input/13_32_chars with key keys/09_half_random_half_zero (2 rounds) -----
----- testing input/13_32_chars with key keys/09_half_random_half_zero (4 rounds) -----
----- testing input/13_32_chars with key keys/09_half_random_half_zero (8 rounds) -----
----- testing input/13_32_chars with key keys/09_half_random_half_zero (16 rounds) -----
----- testing input/14_500K_zeros with key keys/01_hexadecimal (1 rounds) -----
----- testing input/14_500K_zeros with key keys/01_hexadecimal (2 rounds) -----
----- testing input/14_500K_zeros with key keys/01_hexadecimal (4 rounds) -----
----- testing input/14_500K_zeros with key keys/01_hexadecimal (8 rounds) -----
----- testing input/14_500K_zeros with key keys/01_hexadecimal (16 rounds) -----
----- testing input/14_500K_zeros with key keys/02_16_zeros (1 rounds) -----
----- testing input/14_500K_zeros with key keys/02_16_zeros (2 rounds) -----
----- testing input/14_500K_zeros with key keys/02_16_zeros (4 rounds) -----
----- testing input/14_500K_zeros with key keys/02_16_zeros (8 rounds) -----
----- testing input/14_500K_zeros with key keys/02_16_zeros (16 rounds) -----
----- testing input/14_500K_zeros with key keys/03_16_Zs (1 rounds) -----
----- testing input/14_500K_zeros with key keys/03_16_Zs (2 rounds) -----
----- testing input/14_500K_zeros with key keys/03_16_Zs (4 rounds) -----
----- testing input/14_500K_zeros with key keys/03_16_Zs (8 rounds) -----
----- testing input/14_500K_zeros with key keys/03_16_Zs (16 rounds) -----
----- testing input/14_500K_zeros with key keys/04_16_random1 (1 rounds) -----
----- testing input/14_500K_zeros with key keys/04_16_random1 (2 rounds) -----
----- testing input/14_500K_zeros with key keys/04_16_random1 (4 rounds) -----
----- testing input/14_500K_zeros with key keys/04_16_random1 (8 rounds) -----
----- testing input/14_500K_zeros with key keys/04_16_random1 (16 rounds) -----
----- testing input/14_500K_zeros with key keys/05_16_random2 (1 rounds) -----
----- testing input/14_500K_zeros with key keys/05_16_random2 (2 rounds) -----
----- testing input/14_500K_zeros with key keys/05_16_random2 (4 rounds) -----
----- testing input/14_500K_zeros with key keys/05_16_random2 (8 rounds) -----
----- testing input/14_500K_zeros with key keys/05_16_random2 (16 rounds) -----
----- testing input/14_500K_zeros with key keys/06_abcd_repeated_4x (1 rounds) -----
----- testing input/14_500K_zeros with key keys/06_abcd_repeated_4x (2 rounds) -----
----- testing input/14_500K_zeros with key keys/06_abcd_repeated_4x (4 rounds) -----
----- testing input/14_500K_zeros with key keys/06_abcd_repeated_4x (8 rounds) -----
----- testing input/14_500K_zeros with key keys/06_abcd_repeated_4x (16 rounds) -----
----- testing input/14_500K_zeros with key keys/08_half_random_half_abcd (1 rounds) -----
----- testing input/14_500K_zeros with key keys/08_half_random_half_abcd (2 rounds) -----
----- testing input/14_500K_zeros with key keys/08_half_random_half_abcd (4 rounds) -----
----- testing input/14_500K_zeros with key keys/08_half_random_half_abcd (8 rounds) -----
----- testing input/14_500K_zeros with key keys/08_half_random_half_abcd (16 rounds) -----
----- testing input/14_500K_zeros with key keys/09_half_random_half_zero (1 rounds) -----
----- testing input/14_500K_zeros with key keys/09_half_random_half_zero (2 rounds) -----
----- testing input/14_500K_zeros with key keys/09_half_random_half_zero (4 rounds) -----
----- testing input/14_500K_zeros with key keys/09_half_random_half_zero (8 rounds) -----
----- testing input/14_500K_zeros with key keys/09_half_random_half_zero (16 rounds) -----
